This is pdfTeX, Version 3.14159265-2.6-1.40.16 (TeX Live 2015) (preloaded format=pdflatex 2015.5.24)  22 APR 2016 14:20
entering extended mode
 restricted \write18 enabled.
 file:line:error style messages enabled.
 %&-line parsing enabled.
**ukip_media.tex
(./ukip_media.tex
LaTeX2e <2015/01/01>
Babel <3.9l> and hyphenation patterns for 79 languages loaded.
(/usr/local/texlive/2015/texmf-dist/tex/latex/base/article.cls
Document Class: article 2014/09/29 v1.4h Standard LaTeX document class
(/usr/local/texlive/2015/texmf-dist/tex/latex/base/size12.clo
File: size12.clo 2014/09/29 v1.4h Standard LaTeX file (size option)
)
\c@part=\count79
\c@section=\count80
\c@subsection=\count81
\c@subsubsection=\count82
\c@paragraph=\count83
\c@subparagraph=\count84
\c@figure=\count85
\c@table=\count86
\abovecaptionskip=\skip41
\belowcaptionskip=\skip42
\bibindent=\dimen102
)
(/usr/local/texlive/2015/texmf-dist/tex/latex/geometry/geometry.sty
Package: geometry 2010/09/12 v5.6 Page Geometry

(/usr/local/texlive/2015/texmf-dist/tex/latex/graphics/keyval.sty
Package: keyval 2014/10/28 v1.15 key=value parser (DPC)
\KV@toks@=\toks14
)
(/usr/local/texlive/2015/texmf-dist/tex/generic/oberdiek/ifpdf.sty
Package: ifpdf 2011/01/30 v2.3 Provides the ifpdf switch (HO)
Package ifpdf Info: pdfTeX in PDF mode is detected.
)
(/usr/local/texlive/2015/texmf-dist/tex/generic/oberdiek/ifvtex.sty
Package: ifvtex 2010/03/01 v1.5 Detect VTeX and its facilities (HO)
Package ifvtex Info: VTeX not detected.
)
(/usr/local/texlive/2015/texmf-dist/tex/generic/ifxetex/ifxetex.sty
Package: ifxetex 2010/09/12 v0.6 Provides ifxetex conditional
)
\Gm@cnth=\count87
\Gm@cntv=\count88
\c@Gm@tempcnt=\count89
\Gm@bindingoffset=\dimen103
\Gm@wd@mp=\dimen104
\Gm@odd@mp=\dimen105
\Gm@even@mp=\dimen106
\Gm@layoutwidth=\dimen107
\Gm@layoutheight=\dimen108
\Gm@layouthoffset=\dimen109
\Gm@layoutvoffset=\dimen110
\Gm@dimlist=\toks15
)
(/usr/local/texlive/2015/texmf-dist/tex/latex/lm/lmodern.sty
Package: lmodern 2009/10/30 v1.6 Latin Modern Fonts
LaTeX Font Info:    Overwriting symbol font `operators' in version `normal'
(Font)                  OT1/cmr/m/n --> OT1/lmr/m/n on input line 22.
LaTeX Font Info:    Overwriting symbol font `letters' in version `normal'
(Font)                  OML/cmm/m/it --> OML/lmm/m/it on input line 23.
LaTeX Font Info:    Overwriting symbol font `symbols' in version `normal'
(Font)                  OMS/cmsy/m/n --> OMS/lmsy/m/n on input line 24.
LaTeX Font Info:    Overwriting symbol font `largesymbols' in version `normal'
(Font)                  OMX/cmex/m/n --> OMX/lmex/m/n on input line 25.
LaTeX Font Info:    Overwriting symbol font `operators' in version `bold'
(Font)                  OT1/cmr/bx/n --> OT1/lmr/bx/n on input line 26.
LaTeX Font Info:    Overwriting symbol font `letters' in version `bold'
(Font)                  OML/cmm/b/it --> OML/lmm/b/it on input line 27.
LaTeX Font Info:    Overwriting symbol font `symbols' in version `bold'
(Font)                  OMS/cmsy/b/n --> OMS/lmsy/b/n on input line 28.
LaTeX Font Info:    Overwriting symbol font `largesymbols' in version `bold'
(Font)                  OMX/cmex/m/n --> OMX/lmex/m/n on input line 29.
LaTeX Font Info:    Overwriting math alphabet `\mathbf' in version `normal'
(Font)                  OT1/cmr/bx/n --> OT1/lmr/bx/n on input line 31.
LaTeX Font Info:    Overwriting math alphabet `\mathsf' in version `normal'
(Font)                  OT1/cmss/m/n --> OT1/lmss/m/n on input line 32.
LaTeX Font Info:    Overwriting math alphabet `\mathit' in version `normal'
(Font)                  OT1/cmr/m/it --> OT1/lmr/m/it on input line 33.
LaTeX Font Info:    Overwriting math alphabet `\mathtt' in version `normal'
(Font)                  OT1/cmtt/m/n --> OT1/lmtt/m/n on input line 34.
LaTeX Font Info:    Overwriting math alphabet `\mathbf' in version `bold'
(Font)                  OT1/cmr/bx/n --> OT1/lmr/bx/n on input line 35.
LaTeX Font Info:    Overwriting math alphabet `\mathsf' in version `bold'
(Font)                  OT1/cmss/bx/n --> OT1/lmss/bx/n on input line 36.
LaTeX Font Info:    Overwriting math alphabet `\mathit' in version `bold'
(Font)                  OT1/cmr/bx/it --> OT1/lmr/bx/it on input line 37.
LaTeX Font Info:    Overwriting math alphabet `\mathtt' in version `bold'
(Font)                  OT1/cmtt/m/n --> OT1/lmtt/m/n on input line 38.
)
(/usr/local/texlive/2015/texmf-dist/tex/latex/abstract/abstract.sty
Package: abstract 2009/06/08 v1.2a configurable abstracts
\abstitleskip=\skip43
\absleftindent=\skip44
\absrightindent=\skip45
\absparindent=\skip46
\absparsep=\skip47
)
(/usr/local/texlive/2015/texmf-dist/tex/latex/graphics/graphicx.sty
Package: graphicx 2014/10/28 v1.0g Enhanced LaTeX Graphics (DPC,SPQR)

(/usr/local/texlive/2015/texmf-dist/tex/latex/graphics/graphics.sty
Package: graphics 2014/10/28 v1.0p Standard LaTeX Graphics (DPC,SPQR)

(/usr/local/texlive/2015/texmf-dist/tex/latex/graphics/trig.sty
Package: trig 1999/03/16 v1.09 sin cos tan (DPC)
)
(/usr/local/texlive/2015/texmf-dist/tex/latex/latexconfig/graphics.cfg
File: graphics.cfg 2010/04/23 v1.9 graphics configuration of TeX Live
)
Package graphics Info: Driver file: pdftex.def on input line 94.

(/usr/local/texlive/2015/texmf-dist/tex/latex/pdftex-def/pdftex.def
File: pdftex.def 2011/05/27 v0.06d Graphics/color for pdfTeX

(/usr/local/texlive/2015/texmf-dist/tex/generic/oberdiek/infwarerr.sty
Package: infwarerr 2010/04/08 v1.3 Providing info/warning/error messages (HO)
)
(/usr/local/texlive/2015/texmf-dist/tex/generic/oberdiek/ltxcmds.sty
Package: ltxcmds 2011/11/09 v1.22 LaTeX kernel commands for general use (HO)
)
\Gread@gobject=\count90
))
\Gin@req@height=\dimen111
\Gin@req@width=\dimen112
)
(/usr/local/texlive/2015/texmf-dist/tex/latex/titlesec/titlesec.sty
Package: titlesec 2011/12/15 v2.10.0 Sectioning titles
\ttl@box=\box26
\beforetitleunit=\skip48
\aftertitleunit=\skip49
\ttl@plus=\dimen113
\ttl@minus=\dimen114
\ttl@toksa=\toks16
\titlewidth=\dimen115
\titlewidthlast=\dimen116
\titlewidthfirst=\dimen117
)
(/usr/local/texlive/2015/texmf-dist/tex/latex/natbib/natbib.sty
Package: natbib 2010/09/13 8.31b (PWD, AO)
\bibhang=\skip50
\bibsep=\skip51
LaTeX Info: Redefining \cite on input line 694.
\c@NAT@ctr=\count91
)
\c@hypothesis=\count92

(/usr/local/texlive/2015/texmf-dist/tex/latex/setspace/setspace.sty
Package: setspace 2011/12/19 v6.7a set line spacing
)
(/usr/local/texlive/2015/texmf-dist/tex/latex/hyperref/hyperref.sty
Package: hyperref 2012/11/06 v6.83m Hypertext links for LaTeX

(/usr/local/texlive/2015/texmf-dist/tex/generic/oberdiek/hobsub-hyperref.sty
Package: hobsub-hyperref 2012/05/28 v1.13 Bundle oberdiek, subset hyperref (HO)


(/usr/local/texlive/2015/texmf-dist/tex/generic/oberdiek/hobsub-generic.sty
Package: hobsub-generic 2012/05/28 v1.13 Bundle oberdiek, subset generic (HO)
Package: hobsub 2012/05/28 v1.13 Construct package bundles (HO)
Package hobsub Info: Skipping package `infwarerr' (already loaded).
Package hobsub Info: Skipping package `ltxcmds' (already loaded).
Package: ifluatex 2010/03/01 v1.3 Provides the ifluatex switch (HO)
Package ifluatex Info: LuaTeX not detected.
Package hobsub Info: Skipping package `ifvtex' (already loaded).
Package: intcalc 2007/09/27 v1.1 Expandable calculations with integers (HO)
Package hobsub Info: Skipping package `ifpdf' (already loaded).
Package: etexcmds 2011/02/16 v1.5 Avoid name clashes with e-TeX commands (HO)
Package etexcmds Info: Could not find \expanded.
(etexcmds)             That can mean that you are not using pdfTeX 1.50 or
(etexcmds)             that some package has redefined \expanded.
(etexcmds)             In the latter case, load this package earlier.
Package: kvsetkeys 2012/04/25 v1.16 Key value parser (HO)
Package: kvdefinekeys 2011/04/07 v1.3 Define keys (HO)
Package: pdftexcmds 2011/11/29 v0.20 Utility functions of pdfTeX for LuaTeX (HO
)
Package pdftexcmds Info: LuaTeX not detected.
Package pdftexcmds Info: \pdf@primitive is available.
Package pdftexcmds Info: \pdf@ifprimitive is available.
Package pdftexcmds Info: \pdfdraftmode found.
Package: pdfescape 2011/11/25 v1.13 Implements pdfTeX's escape features (HO)
Package: bigintcalc 2012/04/08 v1.3 Expandable calculations on big integers (HO
)
Package: bitset 2011/01/30 v1.1 Handle bit-vector datatype (HO)
Package: uniquecounter 2011/01/30 v1.2 Provide unlimited unique counter (HO)
)
Package hobsub Info: Skipping package `hobsub' (already loaded).
Package: letltxmacro 2010/09/02 v1.4 Let assignment for LaTeX macros (HO)
Package: hopatch 2012/05/28 v1.2 Wrapper for package hooks (HO)
Package: xcolor-patch 2011/01/30 xcolor patch
Package: atveryend 2011/06/30 v1.8 Hooks at the very end of document (HO)
Package atveryend Info: \enddocument detected (standard20110627).
Package: atbegshi 2011/10/05 v1.16 At begin shipout hook (HO)
Package: refcount 2011/10/16 v3.4 Data extraction from label references (HO)
Package: hycolor 2011/01/30 v1.7 Color options for hyperref/bookmark (HO)
)
(/usr/local/texlive/2015/texmf-dist/tex/latex/oberdiek/auxhook.sty
Package: auxhook 2011/03/04 v1.3 Hooks for auxiliary files (HO)
)
(/usr/local/texlive/2015/texmf-dist/tex/latex/oberdiek/kvoptions.sty
Package: kvoptions 2011/06/30 v3.11 Key value format for package options (HO)
)
\@linkdim=\dimen118
\Hy@linkcounter=\count93
\Hy@pagecounter=\count94

(/usr/local/texlive/2015/texmf-dist/tex/latex/hyperref/pd1enc.def
File: pd1enc.def 2012/11/06 v6.83m Hyperref: PDFDocEncoding definition (HO)
)
\Hy@SavedSpaceFactor=\count95

(/usr/local/texlive/2015/texmf-dist/tex/latex/latexconfig/hyperref.cfg
File: hyperref.cfg 2002/06/06 v1.2 hyperref configuration of TeXLive
)
Package hyperref Info: Option `unicode' set `true' on input line 4319.

(/usr/local/texlive/2015/texmf-dist/tex/latex/hyperref/puenc.def
File: puenc.def 2012/11/06 v6.83m Hyperref: PDF Unicode definition (HO)
)
Package hyperref Info: Hyper figures OFF on input line 4443.
Package hyperref Info: Link nesting OFF on input line 4448.
Package hyperref Info: Hyper index ON on input line 4451.
Package hyperref Info: Plain pages OFF on input line 4458.
Package hyperref Info: Backreferencing OFF on input line 4463.
Package hyperref Info: Implicit mode ON; LaTeX internals redefined.
Package hyperref Info: Bookmarks ON on input line 4688.
\c@Hy@tempcnt=\count96

(/usr/local/texlive/2015/texmf-dist/tex/latex/url/url.sty
\Urlmuskip=\muskip10
Package: url 2013/09/16  ver 3.4  Verb mode for urls, etc.
)
LaTeX Info: Redefining \url on input line 5041.
\XeTeXLinkMargin=\dimen119
\Fld@menulength=\count97
\Field@Width=\dimen120
\Fld@charsize=\dimen121
Package hyperref Info: Hyper figures OFF on input line 6295.
Package hyperref Info: Link nesting OFF on input line 6300.
Package hyperref Info: Hyper index ON on input line 6303.
Package hyperref Info: backreferencing OFF on input line 6310.
Package hyperref Info: Link coloring OFF on input line 6315.
Package hyperref Info: Link coloring with OCG OFF on input line 6320.
Package hyperref Info: PDF/A mode OFF on input line 6325.
LaTeX Info: Redefining \ref on input line 6365.
LaTeX Info: Redefining \pageref on input line 6369.
\Hy@abspage=\count98
\c@Item=\count99
\c@Hfootnote=\count100
)

Package hyperref Message: Driver (autodetected): hpdftex.

(/usr/local/texlive/2015/texmf-dist/tex/latex/hyperref/hpdftex.def
File: hpdftex.def 2012/11/06 v6.83m Hyperref driver for pdfTeX
\Fld@listcount=\count101
\c@bookmark@seq@number=\count102

(/usr/local/texlive/2015/texmf-dist/tex/latex/oberdiek/rerunfilecheck.sty
Package: rerunfilecheck 2011/04/15 v1.7 Rerun checks for auxiliary files (HO)
Package uniquecounter Info: New unique counter `rerunfilecheck' on input line 2
82.
)
\Hy@SectionHShift=\skip52
)
(/usr/local/texlive/2015/texmf-dist/tex/latex/graphics/color.sty
Package: color 2014/10/28 v1.1a Standard LaTeX Color (DPC)

(/usr/local/texlive/2015/texmf-dist/tex/latex/latexconfig/color.cfg
File: color.cfg 2007/01/18 v1.5 color configuration of teTeX/TeXLive
)
Package color Info: Driver file: pdftex.def on input line 142.

(/usr/local/texlive/2015/texmf-dist/tex/latex/graphics/dvipsnam.def
File: dvipsnam.def 2014/10/14 v3.0j Driver-dependent file (DPC,SPQR)
))
Package hyperref Info: Option `breaklinks' set `true' on input line 100.


Package hyperref Warning: Option `bookmarks' has already been used,
(hyperref)                setting the option has no effect on input line 100.

Package hyperref Info: Option `colorlinks' set `true' on input line 100.
(./ukip_media.aux

LaTeX Warning: Label `' multiply defined.

)
\openout1 = `ukip_media.aux'.

LaTeX Font Info:    Checking defaults for OML/cmm/m/it on input line 103.
LaTeX Font Info:    ... okay on input line 103.
LaTeX Font Info:    Checking defaults for T1/cmr/m/n on input line 103.
LaTeX Font Info:    ... okay on input line 103.
LaTeX Font Info:    Checking defaults for OT1/cmr/m/n on input line 103.
LaTeX Font Info:    ... okay on input line 103.
LaTeX Font Info:    Checking defaults for OMS/cmsy/m/n on input line 103.
LaTeX Font Info:    ... okay on input line 103.
LaTeX Font Info:    Checking defaults for OMX/cmex/m/n on input line 103.
LaTeX Font Info:    ... okay on input line 103.
LaTeX Font Info:    Checking defaults for U/cmr/m/n on input line 103.
LaTeX Font Info:    ... okay on input line 103.
LaTeX Font Info:    Checking defaults for PD1/pdf/m/n on input line 103.
LaTeX Font Info:    ... okay on input line 103.
LaTeX Font Info:    Checking defaults for PU/pdf/m/n on input line 103.
LaTeX Font Info:    ... okay on input line 103.
LaTeX Font Info:    Try loading font information for OT1+lmr on input line 103.

 (/usr/local/texlive/2015/texmf-dist/tex/latex/lm/ot1lmr.fd
File: ot1lmr.fd 2009/10/30 v1.6 Font defs for Latin Modern
)
*geometry* driver: auto-detecting
*geometry* detected driver: pdftex
*geometry* verbose mode - [ preamble ] result:
* driver: pdftex
* paper: <default>
* layout: <same size as paper>
* layoutoffset:(h,v)=(0.0pt,0.0pt)
* modes: 
* h-part:(L,W,R)=(72.26999pt, 469.75502pt, 72.26999pt)
* v-part:(T,H,B)=(72.26999pt, 650.43001pt, 72.26999pt)
* \paperwidth=614.295pt
* \paperheight=794.96999pt
* \textwidth=469.75502pt
* \textheight=650.43001pt
* \oddsidemargin=0.0pt
* \evensidemargin=0.0pt
* \topmargin=-37.0pt
* \headheight=12.0pt
* \headsep=25.0pt
* \topskip=12.0pt
* \footskip=30.0pt
* \marginparwidth=44.0pt
* \marginparsep=10.0pt
* \columnsep=10.0pt
* \skip\footins=10.8pt plus 4.0pt minus 2.0pt
* \hoffset=0.0pt
* \voffset=0.0pt
* \mag=1000
* \@twocolumnfalse
* \@twosidefalse
* \@mparswitchfalse
* \@reversemarginfalse
* (1in=72.27pt=25.4mm, 1cm=28.453pt)

(/usr/local/texlive/2015/texmf-dist/tex/context/base/supp-pdf.mkii
[Loading MPS to PDF converter (version 2006.09.02).]
\scratchcounter=\count103
\scratchdimen=\dimen122
\scratchbox=\box27
\nofMPsegments=\count104
\nofMParguments=\count105
\everyMPshowfont=\toks17
\MPscratchCnt=\count106
\MPscratchDim=\dimen123
\MPnumerator=\count107
\makeMPintoPDFobject=\count108
\everyMPtoPDFconversion=\toks18
) (/usr/local/texlive/2015/texmf-dist/tex/latex/oberdiek/epstopdf-base.sty
Package: epstopdf-base 2010/02/09 v2.5 Base part for package epstopdf

(/usr/local/texlive/2015/texmf-dist/tex/latex/oberdiek/grfext.sty
Package: grfext 2010/08/19 v1.1 Manage graphics extensions (HO)
)
Package grfext Info: Graphics extension search list:
(grfext)             [.png,.pdf,.jpg,.mps,.jpeg,.jbig2,.jb2,.PNG,.PDF,.JPG,.JPE
G,.JBIG2,.JB2,.eps]
(grfext)             \AppendGraphicsExtensions on input line 452.

(/usr/local/texlive/2015/texmf-dist/tex/latex/latexconfig/epstopdf-sys.cfg
File: epstopdf-sys.cfg 2010/07/13 v1.3 Configuration of (r)epstopdf for TeX Liv
e
))
\AtBeginShipoutBox=\box28
Package hyperref Info: Link coloring ON on input line 103.

(/usr/local/texlive/2015/texmf-dist/tex/latex/hyperref/nameref.sty
Package: nameref 2012/10/27 v2.43 Cross-referencing by name of section

(/usr/local/texlive/2015/texmf-dist/tex/generic/oberdiek/gettitlestring.sty
Package: gettitlestring 2010/12/03 v1.4 Cleanup title references (HO)
)
\c@section@level=\count109
)
LaTeX Info: Redefining \ref on input line 103.
LaTeX Info: Redefining \pageref on input line 103.
LaTeX Info: Redefining \nameref on input line 103.

(./ukip_media.out) (./ukip_media.out)
\@outlinefile=\write3
\openout3 = `ukip_media.out'.

 [1

{/usr/local/texlive/2015/texmf-var/fonts/map/pdftex/updmap/pdftex.map}] [2] [3]
LaTeX Font Info:    Try loading font information for OML+lmm on input line 270.


(/usr/local/texlive/2015/texmf-dist/tex/latex/lm/omllmm.fd
File: omllmm.fd 2009/10/30 v1.6 Font defs for Latin Modern
)
LaTeX Font Info:    Try loading font information for OMS+lmsy on input line 270
.

(/usr/local/texlive/2015/texmf-dist/tex/latex/lm/omslmsy.fd
File: omslmsy.fd 2009/10/30 v1.6 Font defs for Latin Modern
)
LaTeX Font Info:    Try loading font information for OMX+lmex on input line 270
.

(/usr/local/texlive/2015/texmf-dist/tex/latex/lm/omxlmex.fd
File: omxlmex.fd 2009/10/30 v1.6 Font defs for Latin Modern
)
LaTeX Font Info:    External font `lmex10' loaded for size
(Font)              <12> on input line 270.
LaTeX Font Info:    External font `lmex10' loaded for size
(Font)              <8> on input line 270.
LaTeX Font Info:    External font `lmex10' loaded for size
(Font)              <6> on input line 270.
LaTeX Font Info:    External font `lmex10' loaded for size
(Font)              <10> on input line 270.
LaTeX Font Info:    External font `lmex10' loaded for size
(Font)              <7> on input line 270.
LaTeX Font Info:    External font `lmex10' loaded for size
(Font)              <5> on input line 270.
 [4] [5]
<ukip_media_files/figure-latex/unnamed-chunk-1-1.pdf, id=173, 495.8525pt x 168.
63pt>
File: ukip_media_files/figure-latex/unnamed-chunk-1-1.pdf Graphic file (type pd
f)
 <use ukip_media_files/figure-latex/unnamed-chunk-1-1.pdf>
Package pdftex.def Info: ukip_media_files/figure-latex/unnamed-chunk-1-1.pdf us
ed on input line 357.
(pdftex.def)             Requested size: 469.75502pt x 159.755pt.

<ukip_media_files/figure-latex/unnamed-chunk-2-1.pdf, id=174, 492.84125pt x 161
.60374pt> [6]
File: ukip_media_files/figure-latex/unnamed-chunk-2-1.pdf Graphic file (type pd
f)
 <use ukip_media_files/figure-latex/unnamed-chunk-2-1.pdf>
Package pdftex.def Info: ukip_media_files/figure-latex/unnamed-chunk-2-1.pdf us
ed on input line 359.
(pdftex.def)             Requested size: 469.75502pt x 154.04051pt.

<ukip_media_files/figure-latex/unnamed-chunk-3-1.pdf, id=181, 495.8525pt x 174.
6525pt>
File: ukip_media_files/figure-latex/unnamed-chunk-3-1.pdf Graphic file (type pd
f)
 <use ukip_media_files/figure-latex/unnamed-chunk-3-1.pdf>
Package pdftex.def Info: ukip_media_files/figure-latex/unnamed-chunk-3-1.pdf us
ed on input line 363.
(pdftex.def)             Requested size: 469.75502pt x 165.46056pt.
 [7 <./ukip_media_files/figure-latex/unnamed-chunk-1-1.pdf> <./ukip_media_files
/figure-latex/unnamed-chunk-2-1.pdf> <./ukip_media_files/figure-latex/unnamed-c
hunk-3-1.pdf>] [8] [9] [10] [11]
<ukip_media_files/figure-latex/unnamed-chunk-7-1.pdf, id=244, 403.5075pt x 230.
8625pt>
File: ukip_media_files/figure-latex/unnamed-chunk-7-1.pdf Graphic file (type pd
f)
 <use ukip_media_files/figure-latex/unnamed-chunk-7-1.pdf>
Package pdftex.def Info: ukip_media_files/figure-latex/unnamed-chunk-7-1.pdf us
ed on input line 582.
(pdftex.def)             Requested size: 403.50652pt x 230.86543pt.

<ukip_media_files/figure-latex/unnamed-chunk-8-1.pdf, id=245, 403.5075pt x 230.
8625pt>
File: ukip_media_files/figure-latex/unnamed-chunk-8-1.pdf Graphic file (type pd
f)
 <use ukip_media_files/figure-latex/unnamed-chunk-8-1.pdf>
Package pdftex.def Info: ukip_media_files/figure-latex/unnamed-chunk-8-1.pdf us
ed on input line 589.
(pdftex.def)             Requested size: 403.50652pt x 230.86543pt.
 [12] [13 <./ukip_media_files/figure-latex/unnamed-chunk-7-1.pdf> <./ukip_media
_files/figure-latex/unnamed-chunk-8-1.pdf>] [14] [15] [16]
<ukip_media_files/figure-latex/unnamed-chunk-9-1.pdf, id=308, 495.8525pt x 265.
99374pt>
File: ukip_media_files/figure-latex/unnamed-chunk-9-1.pdf Graphic file (type pd
f)
 <use ukip_media_files/figure-latex/unnamed-chunk-9-1.pdf>
Package pdftex.def Info: ukip_media_files/figure-latex/unnamed-chunk-9-1.pdf us
ed on input line 723.
(pdftex.def)             Requested size: 469.75502pt x 251.9945pt.
 [17 <./ukip_media_files/figure-latex/unnamed-chunk-9-1.pdf>] [18] [19] [20] [2
1]
(./ukip_media.bbl
Underfull \hbox (badness 10000) in paragraph at lines 27--31
\OT1/lmr/m/n/12 assets / ^^Lles / pdf / our[]work / election[]guidelines / 2015
 / draft[]election[]guidelines[]appendix .
 []

[22]
Underfull \hbox (badness 5681) in paragraph at lines 105--110
[]\OT1/lmr/m/n/12 Goodwin, M. and Ford, R. (2013).  Just how much me-dia cov-er
-age does
 []


Underfull \hbox (badness 1874) in paragraph at lines 105--110
\OT1/lmr/m/n/12 UKIP get?  \OT1/lmr/m/it/12 New States-man\OT1/lmr/m/n/12 .  []
[]$http : / / www . newstatesman . com / politics / 2013 / 11 /
 []

[23]
Underfull \hbox (badness 1635) in paragraph at lines 118--122
[]\OT1/lmr/m/n/12 Ipsos-MORI (2016).  Vot-ing In-ten-tion in Great Britain: Re-
cent Trends.  [][]$https :
 []


Underfull \hbox (badness 10000) in paragraph at lines 118--122
\OT1/lmr/m/n/12 / / www . ipsos-[]mori . com / researchpublications / researcha
rchive / poll . aspx ? oItemId = 107 &
 []

[24]
Underfull \hbox (badness 10000) in paragraph at lines 209--214
[]\OT1/lmr/m/n/12 Soussi, A. (2014).  Did British me-dia help the UKIP win EU
 []


Underfull \hbox (badness 10000) in paragraph at lines 209--214
\OT1/lmr/m/n/12 poll?  \OT1/lmr/m/it/12 Al Jazeera\OT1/lmr/m/n/12 .  [][]$http 
: / / www . aljazeera . com / indepth / features / 2014 / 06 /
 []


Underfull \hbox (badness 10000) in paragraph at lines 216--221
[]\OT1/lmr/m/n/12 Stevenson, A. (2014).  Car-o-line Lu-cas points fin-ger at me
-dia's Farage
 []


Underfull \hbox (badness 10000) in paragraph at lines 216--221
\OT1/lmr/m/n/12 ob-ses-sion.  \OT1/lmr/m/it/12 Pol-i-tics.co.uk\OT1/lmr/m/n/12 
.  [][]$http : / / www . politics . co . uk / news / 2014 / 05 / 29 /
 []

[25]
Underfull \hbox (badness 10000) in paragraph at lines 261--267
[]\OT1/lmr/m/n/12 Wainwright, M. (2012).  Rother-ham by-elec-tion brings re-lie
f
 []


Underfull \hbox (badness 10000) in paragraph at lines 261--267
\OT1/lmr/m/n/12 for Labour as Ukip cel-e-brates sec-ond place.  \OT1/lmr/m/it/1
2 The Guardian\OT1/lmr/m/n/12 .
 []

[26]
Underfull \hbox (badness 1661) in paragraph at lines 299--305
[]\OT1/lmr/m/n/12 Wintour, P. (2015).  Of-com deals blow to Greens' elec-tion d
e-bate hopes { but
 []

)
Package atveryend Info: Empty hook `BeforeClearDocument' on input line 875.
 [27]
Package atveryend Info: Empty hook `AfterLastShipout' on input line 875.
 (./ukip_media.aux)
Package atveryend Info: Executing hook `AtVeryEndDocument' on input line 875.
Package atveryend Info: Executing hook `AtEndAfterFileList' on input line 875.
Package rerunfilecheck Info: File `ukip_media.out' has not changed.
(rerunfilecheck)             Checksum: 5EB5E0417ED1001CB1B3C3C5A034804A;815.


LaTeX Warning: There were multiply-defined labels.

Package atveryend Info: Empty hook `AtVeryVeryEnd' on input line 875.
 ) 
Here is how much of TeX's memory you used:
 10110 strings out of 493089
 145458 string characters out of 6134842
 222361 words of memory out of 5000000
 13417 multiletter control sequences out of 15000+600000
 35876 words of font info for 37 fonts, out of 8000000 for 9000
 1141 hyphenation exceptions out of 8191
 29i,10n,31p,722b,512s stack positions out of 5000i,500n,10000p,200000b,80000s
{/usr/local/texlive/2015/texmf-dist/fonts/enc/dvips/lm/lm-mathsy.enc}{/usr/lo
cal/texlive/2015/texmf-dist/fonts/enc/dvips/lm/lm-mathit.enc}{/usr/local/texliv
e/2015/texmf-dist/fonts/enc/dvips/lm/lm-rm.enc}</usr/local/texlive/2015/texmf-d
ist/fonts/type1/public/lm/lmbx12.pfb></usr/local/texlive/2015/texmf-dist/fonts/
type1/public/lm/lmmi12.pfb></usr/local/texlive/2015/texmf-dist/fonts/type1/publ
ic/lm/lmmi8.pfb></usr/local/texlive/2015/texmf-dist/fonts/type1/public/lm/lmr10
.pfb></usr/local/texlive/2015/texmf-dist/fonts/type1/public/lm/lmr12.pfb></usr/
local/texlive/2015/texmf-dist/fonts/type1/public/lm/lmr17.pfb></usr/local/texli
ve/2015/texmf-dist/fonts/type1/public/lm/lmr7.pfb></usr/local/texlive/2015/texm
f-dist/fonts/type1/public/lm/lmr8.pfb></usr/local/texlive/2015/texmf-dist/fonts
/type1/public/lm/lmri12.pfb></usr/local/texlive/2015/texmf-dist/fonts/type1/pub
lic/lm/lmsy10.pfb></usr/local/texlive/2015/texmf-dist/fonts/type1/public/lm/lms
y8.pfb>
Output written on ukip_media.pdf (27 pages, 290460 bytes).
PDF statistics:
 464 PDF objects out of 1000 (max. 8388607)
 401 compressed objects within 5 object streams
 93 named destinations out of 1000 (max. 500000)
 79 words of extra memory for PDF output out of 10000 (max. 10000000)

